<?xml version="1.0" encoding="UTF-8"?>
<!-- Generated by org.testng.reporters.JUnitReportReporter -->
<testsuite hostname="ATHS-DELL" failures="0" tests="2" name="com.FunctionalRestAssured_Maven.Delete_req" time="1.779" errors="0" timestamp="2021-12-07T06:18:20 CST" skipped="0">
  <testcase classname="com.FunctionalRestAssured_Maven.Delete_req" name="Validate_StatusLine" time="1.620"/>
  <system-out>
    <![CDATA[Assertion passed . Expected StatusLine HTTP/1.1 200 OKdoes match with but Actual Result HTTP/1.1 200 OK]]>
  </system-out>
  <testcase classname="com.FunctionalRestAssured_Maven.Delete_req" name="Validate_StatusCode" time="0.159"/>
  <system-out>
    <![CDATA[Assertion passed . Expected StatusCode 200does match with but Actual Result 200]]>
  </system-out>
</testsuite> <!-- com.FunctionalRestAssured_Maven.Delete_req -->
